unique_id,timestamp,x_shape,eval_test,model_version,model_version_note,runtime
33a7909f-9e11-4189-a6b9-ec7e2127540f,1606258600.220333,"(561, 17)",31.32249560817228,0.1,XGBoost on AAVAIL revenue,000:00:48
df7df2b5-7060-47d5-a5fa-899aadf8d9d7,1606261407.19386,"(553, 14)",156.00080420503488,0.1,XGBoost on AAVAIL revenue,000:00:33
407fd896-14c1-4fea-9d43-c7293756b1bd,1606262626.7015731,"(553, 32)",334.2768540180985,0.1,XGBoost on AAVAIL revenue,000:02:32
e3ad41db-089f-485f-a359-a4495ed7afa6,1606262672.643496,"(398, 32)",6.4222439931573465e-06,0.1,XGBoost on AAVAIL revenue,000:00:25
f1e6ecde-5033-45f1-ad3d-85ec24abbd9c,1606263485.228998,"(561, 32)",3.713890180347222e-06,0.1,XGBoost on AAVAIL revenue,000:03:07
6e42205c-262c-4dda-bd25-a3525990e0f5,1606263565.748197,"(561, 32)",30.62614858228696,0.1,XGBoost on AAVAIL revenue,000:00:50
8d497214-baa6-4e06-81c6-2e381d919dfc,1606263619.8977358,"(398, 32)",2.6758795707267386e-05,0.1,XGBoost on AAVAIL revenue,000:00:34
103c4a90-cabd-4cfb-9a4f-6aa086ebcb21,1606263804.141521,"(561, 32)",4.3871843641106505,0.1,XGBoost on AAVAIL revenue,000:02:45
f827d896-01f0-4d52-82ae-a58b2346cc1d,1606264169.0101042,"(561, 32)",3.3592552056286892e-06,0.1,XGBoost on AAVAIL revenue,000:01:11
a4094e79-633c-42ed-9ada-e1469dfdfb9f,1606264267.623401,"(561, 32)",3.475246430121125e-06,0.1,XGBoost on AAVAIL revenue,000:01:09
a7abfee3-bf12-439d-90ad-96ad781ee05e,1606266742.03197,"(553, 32)",167.82183417120672,0.1,XGBoost on AAVAIL revenue,000:00:30
c6c2e856-b6d0-4ef8-875c-06ac09618d13,1606266880.424791,"(561, 32)",3.1064866915685195e-06,0.1,XGBoost on AAVAIL revenue,000:00:38
c8b8336d-9e37-46fe-8044-e1be9a087ee8,1606267793.0723321,"(553, 32)",115.21625333944866,0.1,XGBoost on AAVAIL revenue,000:00:28
17adbb85-1d21-4bc9-b876-d5966546702a,1606268008.622078,"(553, 32)",83.42782162208057,0.1,XGBoost on AAVAIL revenue,000:00:33
a1308e91-b429-419a-8325-ac52f59446db,1606268115.1275158,"(553, 32)",101.08820640061576,0.1,XGBoost on AAVAIL revenue,000:00:34
372a0641-b932-4f3f-8741-c99291081708,1606268191.5690491,"(553, 32)",85.84351144549512,0.1,XGBoost on AAVAIL revenue,000:00:35
810bfbec-578d-45ee-9295-19a0a0afc94e,1606268448.9706938,"(553, 32)",125.42337212766981,0.1,XGBoost on AAVAIL revenue,000:00:31
6ddc05eb-a8c2-4dde-a338-d90b7b6ef2c5,1606268608.296169,"(553, 32)",113.0108002491808,0.1,XGBoost on AAVAIL revenue,000:00:28
b832e27c-aee2-4bd8-aff7-08e8ed69a65c,1606268664.758559,"(553, 32)",91.11540134867913,0.1,XGBoost on AAVAIL revenue,000:00:29
3c082e2d-5bf2-49e6-acfc-790554c72965,1606268792.262351,"(553, 32)",113.85023882459322,0.1,XGBoost on AAVAIL revenue,000:00:27
ae6cbcd2-5c3c-4977-b049-34029a616cee,1606268934.005494,"(553, 32)",101.47634519003981,0.1,XGBoost on AAVAIL revenue,000:00:29
a6028a8f-4168-4aae-a8e3-dcc35e4ffefb,1606269131.140706,"(553, 32)",129.22327393676895,0.1,XGBoost on AAVAIL revenue,000:00:39
c7c800b8-315e-44c1-86d4-4af455e1b93c,1606269259.33282,"(561, 32)",20.85612394972615,0.1,XGBoost on AAVAIL revenue,000:00:52
7cbff771-bf4c-4f77-9dc5-20201f65483f,1606269401.405377,"(398, 32)",3.381135651269085e-05,0.1,XGBoost on AAVAIL revenue,000:00:22
2b31a537-52b5-444a-ac0f-7ec0d278fe25,1606269461.990698,"(553, 32)",110.28681118336792,0.1,XGBoost on AAVAIL revenue,000:00:28
8960b960-d38f-4ecb-bbda-b2ac498139e2,1606269543.358746,"(561, 32)",28.69656267386567,0.1,XGBoost on AAVAIL revenue,000:00:47
af782bcc-fff7-45a0-ac11-01bf00f7ae3c,1606269665.969908,"(561, 32)",17.024228213391716,0.1,XGBoost on AAVAIL revenue,000:00:40
c9e74f1f-dc89-4119-9d70-2eb7d63dc123,1606269782.646223,"(561, 32)",36.40273873163914,0.1,XGBoost on AAVAIL revenue,000:00:36
f09c2a33-909c-4de3-b9dc-181d41f11972,1606274345.925023,"(553, 32)",103.99717148467211,0.1,XGBoost on AAVAIL revenue,000:00:31
ba230a85-311e-4ca1-8238-d90b066d5dfe,1606274502.343041,"(553, 32)",123.19819435941073,0.1,XGBoost on AAVAIL revenue,000:00:30
6309124c-2466-43d2-a926-0764b1a849f3,1606274586.109047,"(553, 32)",151.75887740123633,0.1,XGBoost on AAVAIL revenue,000:00:29
b5d3180c-3246-4a7c-9659-7fdc5a7a94cc,1606274624.374958,"(553, 32)",136.0872718541632,0.1,XGBoost on AAVAIL revenue,000:00:27
dee2a3d2-cc90-4319-bdfb-1408460c4907,1606274701.388424,"(553, 32)",97.50891993901058,0.1,XGBoost on AAVAIL revenue,000:00:35
340c2335-0942-4b81-8e7f-761db55af7f0,1606274748.6340768,"(553, 32)",81.49526052502877,0.1,XGBoost on AAVAIL revenue,000:00:36
43a322b2-b2d4-40fe-ba96-9fc63744ebd1,1606274844.9211981,"(561, 32)",19.711742836559655,0.1,XGBoost on AAVAIL revenue,000:00:39
f02809c7-0b5d-4ac2-b8db-f28356db8882,1606274909.239237,"(561, 32)",23.586503480612095,0.1,XGBoost on AAVAIL revenue,000:00:53
20734919-8507-4c3b-9eae-8a2f16113acb,1606275054.460747,"(561, 32)",3.916862021569165e-06,0.1,XGBoost on AAVAIL revenue,000:00:46
165155ef-46fd-4f87-aa52-cbad3d42c40b,1606275499.928023,"(561, 32)",4.87769256218379e-06,0.1,XGBoost on AAVAIL revenue,000:00:47
